2020-10-09T16:32:24-0400 [INFO    ] dandi Traversing remote dandisets (000013) recursively
2020-10-09T16:32:24-0400 [INFO    ] backups2datalad.py Updating metadata file
2020-10-09T16:32:29-0400 [INFO    ] backups2datalad.py Syncing asset /sub-anm101105/sub-anm101105_ses-20100619_behavior+icephys.nwb
2020-10-09T16:32:29-0400 [WARNING ] backups2datalad.py Asset metadata does not include sha256 hash
2020-10-09T16:32:29-0400 [INFO    ] backups2datalad.py Asset in dataset, hash not available, and size is unchanged; will not update
2020-10-09T16:32:29-0400 [INFO    ] backups2datalad.py Syncing asset /sub-anm101105/sub-anm101105_ses-20100620_behavior+icephys.nwb
2020-10-09T16:32:29-0400 [WARNING ] backups2datalad.py Asset metadata does not include sha256 hash
2020-10-09T16:32:29-0400 [INFO    ] backups2datalad.py Asset in dataset, hash not available, and size is unchanged; will not update
2020-10-09T16:32:29-0400 [INFO    ] backups2datalad.py Syncing asset /sub-anm101105/sub-anm101105_ses-20100621_behavior+icephys.nwb
2020-10-09T16:32:29-0400 [WARNING ] backups2datalad.py Asset metadata does not include sha256 hash
2020-10-09T16:32:30-0400 [INFO    ] backups2datalad.py Asset in dataset, hash not available, and size is unchanged; will not update
2020-10-09T16:32:30-0400 [INFO    ] backups2datalad.py Syncing asset /sub-anm106211/sub-anm106211_ses-20100925_behavior+icephys.nwb
2020-10-09T16:32:30-0400 [WARNING ] backups2datalad.py Asset metadata does not include sha256 hash
2020-10-09T16:32:30-0400 [INFO    ] backups2datalad.py Asset in dataset, hash not available, and size is unchanged; will not update
2020-10-09T16:32:30-0400 [INFO    ] backups2datalad.py Syncing asset /sub-anm106213/sub-anm106213_ses-20100822_behavior+icephys.nwb
2020-10-09T16:32:30-0400 [WARNING ] backups2datalad.py Asset metadata does not include sha256 hash
2020-10-09T16:32:30-0400 [INFO    ] backups2datalad.py Asset in dataset, hash not available, and size is unchanged; will not update
2020-10-09T16:32:30-0400 [INFO    ] backups2datalad.py Syncing asset /sub-anm106213/sub-anm106213_ses-20101214_behavior+icephys.nwb
2020-10-09T16:32:30-0400 [WARNING ] backups2datalad.py Asset metadata does not include sha256 hash
2020-10-09T16:32:31-0400 [INFO    ] backups2datalad.py Asset in dataset, hash not available, and size is unchanged; will not update
2020-10-09T16:32:31-0400 [INFO    ] backups2datalad.py Syncing asset /sub-anm106213/sub-anm106213_ses-20101215_obj-1copi4i_behavior+icephys.nwb
2020-10-09T16:32:31-0400 [WARNING ] backups2datalad.py Asset metadata does not include sha256 hash
2020-10-09T16:32:31-0400 [INFO    ] backups2datalad.py Asset in dataset, hash not available, and size is unchanged; will not update
2020-10-09T16:32:31-0400 [INFO    ] backups2datalad.py Syncing asset /sub-anm106213/sub-anm106213_ses-20101215_obj-1ykz3wz_behavior+icephys.nwb
2020-10-09T16:32:31-0400 [WARNING ] backups2datalad.py Asset metadata does not include sha256 hash
2020-10-09T16:32:31-0400 [INFO    ] backups2datalad.py Asset in dataset, hash not available, and size is unchanged; will not update
2020-10-09T16:32:31-0400 [INFO    ] backups2datalad.py Syncing asset /sub-anm131970/sub-anm131970_ses-20110511_behavior+icephys.nwb
2020-10-09T16:32:31-0400 [WARNING ] backups2datalad.py Asset metadata does not include sha256 hash
2020-10-09T16:32:32-0400 [INFO    ] backups2datalad.py Asset in dataset, hash not available, and size is unchanged; will not update
2020-10-09T16:32:32-0400 [INFO    ] backups2datalad.py Syncing asset /sub-anm134333/sub-anm134333_ses-20110601_behavior+icephys.nwb
2020-10-09T16:32:32-0400 [WARNING ] backups2datalad.py Asset metadata does not include sha256 hash
2020-10-09T16:32:32-0400 [INFO    ] backups2datalad.py Asset in dataset, hash not available, and size is unchanged; will not update
2020-10-09T16:32:32-0400 [INFO    ] backups2datalad.py Syncing asset /sub-anm134333/sub-anm134333_ses-20110606_behavior+icephys.nwb
2020-10-09T16:32:32-0400 [WARNING ] backups2datalad.py Asset metadata does not include sha256 hash
2020-10-09T16:32:32-0400 [INFO    ] backups2datalad.py Asset in dataset, hash not available, and size is unchanged; will not update
2020-10-09T16:32:32-0400 [INFO    ] backups2datalad.py Syncing asset /sub-anm134333/sub-anm134333_ses-20110607_behavior+icephys.nwb
2020-10-09T16:32:32-0400 [WARNING ] backups2datalad.py Asset metadata does not include sha256 hash
2020-10-09T16:32:32-0400 [INFO    ] backups2datalad.py Asset in dataset, hash not available, and size is unchanged; will not update
2020-10-09T16:32:32-0400 [INFO    ] backups2datalad.py Syncing asset /sub-anm17702/sub-anm17702_ses-20100430_behavior+icephys.nwb
2020-10-09T16:32:32-0400 [WARNING ] backups2datalad.py Asset metadata does not include sha256 hash
2020-10-09T16:32:33-0400 [INFO    ] backups2datalad.py Asset in dataset, hash not available, and size is unchanged; will not update
2020-10-09T16:32:33-0400 [INFO    ] backups2datalad.py Syncing asset /sub-anm17702/sub-anm17702_ses-20100507_behavior+icephys.nwb
2020-10-09T16:32:33-0400 [WARNING ] backups2datalad.py Asset metadata does not include sha256 hash
2020-10-09T16:32:33-0400 [INFO    ] backups2datalad.py Asset in dataset, hash not available, and size is unchanged; will not update
2020-10-09T16:32:33-0400 [INFO    ] backups2datalad.py Syncing asset /sub-anm211295/sub-anm211295_ses-20131015_behavior+icephys+ogen.nwb
2020-10-09T16:32:33-0400 [WARNING ] backups2datalad.py Asset metadata does not include sha256 hash
2020-10-09T16:32:33-0400 [INFO    ] backups2datalad.py Asset in dataset, hash not available, and size is unchanged; will not update
2020-10-09T16:32:33-0400 [INFO    ] backups2datalad.py Syncing asset /sub-anm215592/sub-anm215592_ses-20131015_obj-8s1awh_behavior+icephys+ogen.nwb
2020-10-09T16:32:33-0400 [WARNING ] backups2datalad.py Asset metadata does not include sha256 hash
2020-10-09T16:32:34-0400 [INFO    ] backups2datalad.py Asset in dataset, hash not available, and size is unchanged; will not update
2020-10-09T16:32:34-0400 [INFO    ] backups2datalad.py Syncing asset /sub-anm215592/sub-anm215592_ses-20131015_obj-odx8px_behavior+icephys+ogen.nwb
2020-10-09T16:32:34-0400 [WARNING ] backups2datalad.py Asset metadata does not include sha256 hash
2020-10-09T16:32:34-0400 [INFO    ] backups2datalad.py Asset in dataset, hash not available, and size is unchanged; will not update
2020-10-09T16:32:34-0400 [INFO    ] backups2datalad.py Syncing asset /sub-anm215592/sub-anm215592_ses-20131017_behavior+icephys+ogen.nwb
2020-10-09T16:32:34-0400 [WARNING ] backups2datalad.py Asset metadata does not include sha256 hash
2020-10-09T16:32:34-0400 [INFO    ] backups2datalad.py Asset in dataset, hash not available, and size is unchanged; will not update
2020-10-09T16:32:34-0400 [INFO    ] backups2datalad.py Syncing asset /sub-anm215592/sub-anm215592_ses-20131023_behavior+icephys+ogen.nwb
2020-10-09T16:32:34-0400 [WARNING ] backups2datalad.py Asset metadata does not include sha256 hash
2020-10-09T16:32:35-0400 [INFO    ] backups2datalad.py Asset in dataset, hash not available, and size is unchanged; will not update
2020-10-09T16:32:35-0400 [INFO    ] backups2datalad.py Syncing asset /sub-anm217330/sub-anm217330_ses-20131126_behavior+icephys+ogen.nwb
2020-10-09T16:32:35-0400 [WARNING ] backups2datalad.py Asset metadata does not include sha256 hash
2020-10-09T16:32:35-0400 [INFO    ] backups2datalad.py Asset in dataset, hash not available, and size is unchanged; will not update
2020-10-09T16:32:35-0400 [INFO    ] backups2datalad.py Syncing asset /sub-anm226692/sub-anm226692_ses-20140224_behavior+icephys+ogen.nwb
2020-10-09T16:32:35-0400 [WARNING ] backups2datalad.py Asset metadata does not include sha256 hash
2020-10-09T16:32:35-0400 [INFO    ] backups2datalad.py Asset in dataset, hash not available, and size is unchanged; will not update
2020-10-09T16:32:35-0400 [INFO    ] backups2datalad.py Syncing asset /sub-anm226694/sub-anm226694_ses-20140222_obj-1noi7y3_behavior+icephys+ogen.nwb
2020-10-09T16:32:35-0400 [WARNING ] backups2datalad.py Asset metadata does not include sha256 hash
2020-10-09T16:32:36-0400 [INFO    ] backups2datalad.py Asset in dataset, hash not available, and size is unchanged; will not update
2020-10-09T16:32:36-0400 [INFO    ] backups2datalad.py Syncing asset /sub-anm226694/sub-anm226694_ses-20140222_obj-cj20ns_behavior+icephys+ogen.nwb
2020-10-09T16:32:36-0400 [WARNING ] backups2datalad.py Asset metadata does not include sha256 hash
2020-10-09T16:32:36-0400 [INFO    ] backups2datalad.py Asset in dataset, hash not available, and size is unchanged; will not update
2020-10-09T16:32:36-0400 [INFO    ] backups2datalad.py Syncing asset /sub-anm226694/sub-anm226694_ses-20140225_behavior+icephys+ogen.nwb
2020-10-09T16:32:36-0400 [WARNING ] backups2datalad.py Asset metadata does not include sha256 hash
2020-10-09T16:32:36-0400 [INFO    ] backups2datalad.py Asset in dataset, hash not available, and size is unchanged; will not update
2020-10-09T16:32:36-0400 [INFO    ] backups2datalad.py Syncing asset /sub-anm226695/sub-anm226695_ses-20140224_obj-1d0uka0_behavior+icephys+ogen.nwb
2020-10-09T16:32:36-0400 [WARNING ] backups2datalad.py Asset metadata does not include sha256 hash
2020-10-09T16:32:36-0400 [INFO    ] backups2datalad.py Asset in dataset, hash not available, and size is unchanged; will not update
2020-10-09T16:32:36-0400 [INFO    ] backups2datalad.py Syncing asset /sub-anm226695/sub-anm226695_ses-20140224_obj-y42tpg_behavior+icephys+ogen.nwb
2020-10-09T16:32:36-0400 [WARNING ] backups2datalad.py Asset metadata does not include sha256 hash
2020-10-09T16:32:37-0400 [INFO    ] backups2datalad.py Asset in dataset, hash not available, and size is unchanged; will not update
2020-10-09T16:32:37-0400 [INFO    ] backups2datalad.py Syncing asset /sub-anm226695/sub-anm226695_ses-20140225_behavior+icephys+ogen.nwb
2020-10-09T16:32:37-0400 [WARNING ] backups2datalad.py Asset metadata does not include sha256 hash
2020-10-09T16:32:37-0400 [INFO    ] backups2datalad.py Asset in dataset, hash not available, and size is unchanged; will not update
2020-10-09T16:32:37-0400 [INFO    ] backups2datalad.py Syncing asset /sub-anm234230/sub-anm234230_ses-20140119_behavior+icephys+ogen.nwb
2020-10-09T16:32:37-0400 [WARNING ] backups2datalad.py Asset metadata does not include sha256 hash
2020-10-09T16:32:37-0400 [INFO    ] backups2datalad.py Asset in dataset, hash not available, and size is unchanged; will not update
2020-10-09T16:32:37-0400 [INFO    ] backups2datalad.py Syncing asset /sub-anm234231/sub-anm234231_ses-20140126_behavior+icephys+ogen.nwb
2020-10-09T16:32:37-0400 [WARNING ] backups2datalad.py Asset metadata does not include sha256 hash
2020-10-09T16:32:38-0400 [INFO    ] backups2datalad.py Asset in dataset, hash not available, and size is unchanged; will not update
2020-10-09T16:32:38-0400 [INFO    ] backups2datalad.py Syncing asset /sub-anm234232/sub-anm234232_ses-20140108_behavior+icephys+ogen.nwb
2020-10-09T16:32:38-0400 [WARNING ] backups2datalad.py Asset metadata does not include sha256 hash
2020-10-09T16:32:38-0400 [INFO    ] backups2datalad.py Asset in dataset, hash not available, and size is unchanged; will not update
2020-10-09T16:32:38-0400 [INFO    ] backups2datalad.py Syncing asset /sub-anm244024/sub-anm244024_ses-20141111_behavior+icephys+ogen.nwb
2020-10-09T16:32:38-0400 [WARNING ] backups2datalad.py Asset metadata does not include sha256 hash
2020-10-09T16:32:38-0400 [INFO    ] backups2datalad.py Asset in dataset, hash not available, and size is unchanged; will not update
2020-10-09T16:32:38-0400 [INFO    ] backups2datalad.py Syncing asset /sub-anm244024/sub-anm244024_ses-20141112_obj-1otlhm2_behavior+icephys+ogen.nwb
2020-10-09T16:32:38-0400 [WARNING ] backups2datalad.py Asset metadata does not include sha256 hash
2020-10-09T16:32:38-0400 [INFO    ] backups2datalad.py Asset in dataset, hash not available, and size is unchanged; will not update
2020-10-09T16:32:38-0400 [INFO    ] backups2datalad.py Syncing asset /sub-anm244024/sub-anm244024_ses-20141112_obj-8tj80c_behavior+icephys+ogen.nwb
2020-10-09T16:32:38-0400 [WARNING ] backups2datalad.py Asset metadata does not include sha256 hash
2020-10-09T16:32:39-0400 [INFO    ] backups2datalad.py Asset in dataset, hash not available, and size is unchanged; will not update
2020-10-09T16:32:39-0400 [INFO    ] backups2datalad.py Syncing asset /sub-anm244024/sub-anm244024_ses-20141112_obj-jyoa6b_behavior+icephys+ogen.nwb
2020-10-09T16:32:39-0400 [WARNING ] backups2datalad.py Asset metadata does not include sha256 hash
2020-10-09T16:32:39-0400 [INFO    ] backups2datalad.py Asset in dataset, hash not available, and size is unchanged; will not update
2020-10-09T16:32:39-0400 [INFO    ] backups2datalad.py Syncing asset /sub-anm244025/sub-anm244025_ses-20141026_obj-1q7bmz0_behavior+icephys+ogen.nwb
2020-10-09T16:32:39-0400 [WARNING ] backups2datalad.py Asset metadata does not include sha256 hash
2020-10-09T16:32:39-0400 [INFO    ] backups2datalad.py Asset in dataset, hash not available, and size is unchanged; will not update
2020-10-09T16:32:39-0400 [INFO    ] backups2datalad.py Syncing asset /sub-anm244025/sub-anm244025_ses-20141026_obj-gspsia_behavior+icephys+ogen.nwb
2020-10-09T16:32:39-0400 [WARNING ] backups2datalad.py Asset metadata does not include sha256 hash
2020-10-09T16:32:40-0400 [INFO    ] backups2datalad.py Asset in dataset, hash not available, and size is unchanged; will not update
2020-10-09T16:32:40-0400 [INFO    ] backups2datalad.py Syncing asset /sub-anm244028/sub-anm244028_ses-20141021_obj-15ygrjz_behavior+icephys+ogen.nwb
2020-10-09T16:32:40-0400 [WARNING ] backups2datalad.py Asset metadata does not include sha256 hash
2020-10-09T16:32:40-0400 [INFO    ] backups2datalad.py Asset in dataset, hash not available, and size is unchanged; will not update
2020-10-09T16:32:40-0400 [INFO    ] backups2datalad.py Syncing asset /sub-anm244028/sub-anm244028_ses-20141021_obj-1a5sqoc_behavior+icephys+ogen.nwb
2020-10-09T16:32:40-0400 [WARNING ] backups2datalad.py Asset metadata does not include sha256 hash
2020-10-09T16:32:40-0400 [INFO    ] backups2datalad.py Asset in dataset, hash not available, and size is unchanged; will not update
2020-10-09T16:32:40-0400 [INFO    ] backups2datalad.py Syncing asset /sub-anm244028/sub-anm244028_ses-20141022_behavior+icephys+ogen.nwb
2020-10-09T16:32:40-0400 [WARNING ] backups2datalad.py Asset metadata does not include sha256 hash
2020-10-09T16:32:40-0400 [INFO    ] backups2datalad.py Asset in dataset, hash not available, and size is unchanged; will not update
2020-10-09T16:32:40-0400 [INFO    ] backups2datalad.py Syncing asset /sub-anm266945/sub-anm266945_ses-20141221_behavior+icephys+ogen.nwb
2020-10-09T16:32:40-0400 [WARNING ] backups2datalad.py Asset metadata does not include sha256 hash
2020-10-09T16:32:41-0400 [INFO    ] backups2datalad.py Asset in dataset, hash not available, and size is unchanged; will not update
2020-10-09T16:32:41-0400 [INFO    ] backups2datalad.py Syncing asset /sub-anm266945/sub-anm266945_ses-20141222_obj-14qffnp_behavior+icephys+ogen.nwb
2020-10-09T16:32:41-0400 [WARNING ] backups2datalad.py Asset metadata does not include sha256 hash
2020-10-09T16:32:41-0400 [INFO    ] backups2datalad.py Asset in dataset, hash not available, and size is unchanged; will not update
2020-10-09T16:32:41-0400 [INFO    ] backups2datalad.py Syncing asset /sub-anm266945/sub-anm266945_ses-20141222_obj-1574tgg_behavior+icephys+ogen.nwb
2020-10-09T16:32:41-0400 [WARNING ] backups2datalad.py Asset metadata does not include sha256 hash
2020-10-09T16:32:41-0400 [INFO    ] backups2datalad.py Asset in dataset, hash not available, and size is unchanged; will not update
2020-10-09T16:32:41-0400 [INFO    ] backups2datalad.py Syncing asset /sub-anm266951/sub-anm266951_ses-20141201_obj-10p0o3z_behavior+icephys+ogen.nwb
2020-10-09T16:32:41-0400 [WARNING ] backups2datalad.py Asset metadata does not include sha256 hash
2020-10-09T16:32:42-0400 [INFO    ] backups2datalad.py Asset in dataset, hash not available, and size is unchanged; will not update
2020-10-09T16:32:42-0400 [INFO    ] backups2datalad.py Syncing asset /sub-anm266951/sub-anm266951_ses-20141201_obj-1i6vt6d_behavior+icephys+ogen.nwb
2020-10-09T16:32:42-0400 [WARNING ] backups2datalad.py Asset metadata does not include sha256 hash
2020-10-09T16:32:42-0400 [INFO    ] backups2datalad.py Asset in dataset, hash not available, and size is unchanged; will not update
2020-10-09T16:32:42-0400 [INFO    ] backups2datalad.py Syncing asset /sub-jf35892/sub-jf35892_ses-20100219_behavior+icephys.nwb
2020-10-09T16:32:42-0400 [WARNING ] backups2datalad.py Asset metadata does not include sha256 hash
2020-10-09T16:32:42-0400 [INFO    ] backups2datalad.py Asset in dataset, hash not available, and size is unchanged; will not update
2020-10-09T16:32:42-0400 [INFO    ] backups2datalad.py Syncing asset /sub-jf35892/sub-jf35892_ses-20100308_behavior+icephys.nwb
2020-10-09T16:32:42-0400 [WARNING ] backups2datalad.py Asset metadata does not include sha256 hash
2020-10-09T16:32:42-0400 [INFO    ] backups2datalad.py Asset in dataset, hash not available, and size is unchanged; will not update
2020-10-09T16:32:42-0400 [INFO    ] backups2datalad.py Syncing asset /sub-jf35892/sub-jf35892_ses-20100310_behavior+icephys.nwb
2020-10-09T16:32:42-0400 [WARNING ] backups2datalad.py Asset metadata does not include sha256 hash
2020-10-09T16:32:43-0400 [INFO    ] backups2datalad.py Asset in dataset, hash not available, and size is unchanged; will not update
2020-10-09T16:32:43-0400 [INFO    ] backups2datalad.py Syncing asset /sub-jf35892/sub-jf35892_ses-20100311_behavior+icephys.nwb
2020-10-09T16:32:43-0400 [WARNING ] backups2datalad.py Asset metadata does not include sha256 hash
2020-10-09T16:32:43-0400 [INFO    ] backups2datalad.py Asset in dataset, hash not available, and size is unchanged; will not update
2020-10-09T16:32:43-0400 [INFO    ] backups2datalad.py Syncing asset /sub-jf37166/sub-jf37166_ses-20100304_behavior+icephys.nwb
2020-10-09T16:32:43-0400 [WARNING ] backups2datalad.py Asset metadata does not include sha256 hash
2020-10-09T16:32:43-0400 [INFO    ] backups2datalad.py Asset in dataset, hash not available, and size is unchanged; will not update
2020-10-09T16:32:43-0400 [INFO    ] backups2datalad.py Syncing asset /sub-jf42400/sub-jf42400_ses-20100612_behavior+icephys.nwb
2020-10-09T16:32:43-0400 [WARNING ] backups2datalad.py Asset metadata does not include sha256 hash
2020-10-09T16:32:44-0400 [INFO    ] backups2datalad.py Asset in dataset, hash not available, and size is unchanged; will not update
2020-10-09T16:32:44-0400 [INFO    ] backups2datalad.py Syncing asset /sub-jf42400/sub-jf42400_ses-20100613_behavior+icephys.nwb
2020-10-09T16:32:44-0400 [WARNING ] backups2datalad.py Asset metadata does not include sha256 hash
2020-10-09T16:32:44-0400 [INFO    ] backups2datalad.py Asset in dataset, hash not available, and size is unchanged; will not update
2020-10-09T16:32:44-0400 [INFO    ] backups2datalad.py Syncing asset /sub-jf42400/sub-jf42400_ses-20100615_behavior+icephys.nwb
2020-10-09T16:32:44-0400 [WARNING ] backups2datalad.py Asset metadata does not include sha256 hash
2020-10-09T16:32:44-0400 [INFO    ] backups2datalad.py Asset in dataset, hash not available, and size is unchanged; will not update
2020-10-09T16:32:44-0400 [INFO    ] backups2datalad.py Commiting changes
2020-10-09T16:32:45-0400 [INFO    ] backups2datalad.py Creating GitHub sibling for 000013
2020-10-09T16:32:45-0400 [INFO    ] backups2datalad.py Pushing to sibling
2020-10-09T16:32:45-0400 [INFO    ] datalad.core.distributed.push Determine push target
2020-10-09T16:32:45-0400 [INFO    ] datalad.core.distributed.push Push refspecs
2020-10-09T16:32:45-0400 [INFO    ] datalad.core.distributed.push Transfer data
2020-10-09T16:32:45-0400 [INFO    ] datalad.core.distributed.push Update availability information
2020-10-09T16:32:46-0400 [INFO    ] datalad.gitrepo Start enumerating objects
2020-10-09T16:32:46-0400 [INFO    ] datalad.gitrepo Finished enumerating objects
2020-10-09T16:32:46-0400 [INFO    ] datalad.gitrepo Start counting objects
2020-10-09T16:32:46-0400 [INFO    ] datalad.gitrepo Counting objects:   9% (1/11)
2020-10-09T16:32:46-0400 [INFO    ] datalad.gitrepo Counting objects:  18% (2/11)
2020-10-09T16:32:46-0400 [INFO    ] datalad.gitrepo Counting objects:  27% (3/11)
2020-10-09T16:32:46-0400 [INFO    ] datalad.gitrepo Counting objects:  36% (4/11)
2020-10-09T16:32:46-0400 [INFO    ] datalad.gitrepo Counting objects:  45% (5/11)
2020-10-09T16:32:46-0400 [INFO    ] datalad.gitrepo Counting objects:  54% (6/11)
2020-10-09T16:32:46-0400 [INFO    ] datalad.gitrepo Counting objects:  63% (7/11)
2020-10-09T16:32:46-0400 [INFO    ] datalad.gitrepo Counting objects:  72% (8/11)
2020-10-09T16:32:46-0400 [INFO    ] datalad.gitrepo Counting objects:  81% (9/11)
2020-10-09T16:32:46-0400 [INFO    ] datalad.gitrepo Counting objects:  90% (10/11)
2020-10-09T16:32:46-0400 [INFO    ] datalad.gitrepo Counting objects: 100% (11/11)
2020-10-09T16:32:46-0400 [INFO    ] datalad.gitrepo Counting objects: 100% (11/11), done.
2020-10-09T16:32:46-0400 [INFO    ] datalad.gitrepo Finished counting objects
2020-10-09T16:32:46-0400 [INFO    ] datalad.gitrepo Start compressing objects
2020-10-09T16:32:46-0400 [INFO    ] datalad.gitrepo Compressing objects:  14% (1/7)
2020-10-09T16:32:46-0400 [INFO    ] datalad.gitrepo Compressing objects:  28% (2/7)
2020-10-09T16:32:46-0400 [INFO    ] datalad.gitrepo Compressing objects:  42% (3/7)
2020-10-09T16:32:46-0400 [INFO    ] datalad.gitrepo Compressing objects:  57% (4/7)
2020-10-09T16:32:46-0400 [INFO    ] datalad.gitrepo Compressing objects:  71% (5/7)
2020-10-09T16:32:46-0400 [INFO    ] datalad.gitrepo Compressing objects:  85% (6/7)
2020-10-09T16:32:46-0400 [INFO    ] datalad.gitrepo Compressing objects: 100% (7/7)
2020-10-09T16:32:46-0400 [INFO    ] datalad.gitrepo Compressing objects: 100% (7/7), done.
2020-10-09T16:32:46-0400 [INFO    ] datalad.gitrepo Finished compressing objects
2020-10-09T16:32:46-0400 [INFO    ] datalad.gitrepo Start writing objects
2020-10-09T16:32:46-0400 [INFO    ] datalad.gitrepo Writing objects:  14% (1/7)
2020-10-09T16:32:46-0400 [INFO    ] datalad.gitrepo Writing objects:  28% (2/7)
2020-10-09T16:32:46-0400 [INFO    ] datalad.gitrepo Writing objects:  42% (3/7)
2020-10-09T16:32:46-0400 [INFO    ] datalad.gitrepo Writing objects:  57% (4/7)
2020-10-09T16:32:46-0400 [INFO    ] datalad.gitrepo Writing objects:  71% (5/7)
2020-10-09T16:32:46-0400 [INFO    ] datalad.gitrepo Writing objects:  85% (6/7)
2020-10-09T16:32:46-0400 [INFO    ] datalad.gitrepo Writing objects: 100% (7/7)
2020-10-09T16:32:46-0400 [INFO    ] datalad.gitrepo Writing objects: 100% (7/7), 2.18 KiB | 743.00 KiB/s, done.
2020-10-09T16:32:46-0400 [INFO    ] datalad.gitrepo Finished writing objects
2020-10-09T16:32:46-0400 [INFO    ] datalad.gitrepo Start resolving deltas
2020-10-09T16:32:46-0400 [INFO    ] datalad.gitrepo remote: Resolving deltas:   0% (0/3)
2020-10-09T16:32:46-0400 [INFO    ] datalad.gitrepo remote: Resolving deltas:  33% (1/3)
2020-10-09T16:32:46-0400 [INFO    ] datalad.gitrepo remote: Resolving deltas: 100% (3/3)
2020-10-09T16:32:46-0400 [INFO    ] datalad.gitrepo remote: Resolving deltas: 100% (3/3), completed with 2 local objects.
2020-10-09T16:32:48-0400 [INFO    ] datalad.gitrepo Finished
2020-10-09T16:32:48-0400 [INFO    ] datalad.core.distributed.push Finished push of Dataset(/mnt/backup/dandi/dandiarchive-replica/000013)
